Using pre-set license
Built from '2021.1/staging' branch; Version is '2021.1.7f1 (d91830b65d9b) revision 14227504'; Using compiler version '192528614'; Build Type 'Release'
OS: 'Windows 10 Pro; OS build 19042.804; Version 2009; 64bit' Language: 'ru' Physical Memory: 8026 MB
BatchMode: 1, IsHumanControllingUs: 0, StartBugReporterOnCrash: 0, Is64bit: 1, IsPro: 0

 COMMAND LINE ARGUMENTS:
C:\Program Files\Unity\Hub\Editor\2021.1.7f1\Editor\Unity.exe
-adb2
-batchMode
-noUpm
-name
AssetImportWorker0
-projectPath
C:/progekt/Flappy Bird
-logFile
Logs/AssetImportWorker0.log
-srvPort
49771
Successfully changed project path to: C:/progekt/Flappy Bird
C:/progekt/Flappy Bird
Using Asset Import Pipeline V2.
Refreshing native plugins compatible for Editor in 350.69 ms, found 2 plugins.
Preloading 0 native plugins for Editor in 0.00 ms.
Initialize engine version: 2021.1.7f1 (d91830b65d9b)
[Subsystems] Discovering subsystems at path C:/Program Files/Unity/Hub/Editor/2021.1.7f1/Editor/Data/Resources/UnitySubsystems
[Subsystems] Discovering subsystems at path C:/progekt/Flappy Bird/Assets
GfxDevice: creating device client; threaded=0; jobified=0
Direct3D:
    Version:  Direct3D 11.0 [level 11.1]
    Renderer: Intel(R) HD Graphics (ID=0x22b1)
    Vendor:   Intel
    VRAM:     4013 MB
    Driver:   20.19.15.4352
Initialize mono
Mono path[0] = 'C:/Program Files/Unity/Hub/Editor/2021.1.7f1/Editor/Data/Managed'
Mono path[1] = 'C:/Program Files/Unity/Hub/Editor/2021.1.7f1/Editor/Data/MonoBleedingEdge/lib/mono/unityjit'
Mono config path = 'C:/Program Files/Unity/Hub/Editor/2021.1.7f1/Editor/Data/MonoBleedingEdge/etc'
Using monoOptions --debugger-agent=transport=dt_socket,embedding=1,server=y,suspend=n,address=127.0.0.1:56800
Begin MonoManager ReloadAssembly
Registering precompiled unity dll's ...
Register platform support module: C:/Program Files/Unity/Hub/Editor/2021.1.7f1/Editor/Data/PlaybackEngines/WindowsStandaloneSupport/UnityEditor.WindowsStandalone.Extensions.dll
Registered in 0.005375 seconds.
Native extension for WindowsStandalone target not found
Refreshing native plugins compatible for Editor in 333.44 ms, found 2 plugins.
Preloading 0 native plugins for Editor in 0.00 ms.
Mono: successfully reloaded assembly
- Completed reload, in  9.742 seconds
Platform modules already initialized, skipping
Registering precompiled user dll's ...
Registered in 0.009214 seconds.
Begin MonoManager ReloadAssembly
Symbol file LoadedFromMemory doesn't match image C:\progekt\Flappy Bird\Library\PackageCache\com.unity.visualscripting@1.6.1\Editor\VisualScripting.Core\Dependencies\YamlDotNet\Unity.VisualScripting.YamlDotNet.dll
Symbol file LoadedFromMemory doesn't match image C:\progekt\Flappy Bird\Library\PackageCache\com.unity.visualscripting@1.6.1\Editor\VisualScripting.Core\Dependencies\DotNetZip\Unity.VisualScripting.IonicZip.dll
Native extension for WindowsStandalone target not found
Refreshing native plugins compatible for Editor in 332.83 ms, found 2 plugins.
Preloading 0 native plugins for Editor in 0.00 ms.
Mono: successfully reloaded assembly
- Completed reload, in  4.702 seconds
Platform modules already initialized, skipping
========================================================================
Worker process is ready to serve import requests
Launched and connected shader compiler UnityShaderCompiler.exe after 0.15 seconds
Refreshing native plugins compatible for Editor in 3.30 ms, found 2 plugins.
Preloading 0 native plugins for Editor in 0.00 ms.
Unloading 3372 Unused Serialized files (Serialized files now loaded: 0)
System memory in use before: 127.9 MB.
System memory in use after: 128.0 MB.

Unloading 28 unused Assets to reduce memory usage. Loaded Objects now: 3825.
Total: 9.428200 ms (FindLiveObjects: 1.417200 ms CreateObjectMapping: 0.679200 ms MarkObjects: 6.935900 ms  DeleteObjects: 0.390200 ms)

========================================================================
Received Import Request.
  path: Assets/Prefab/Pipe.prefab
  artifactKey: Guid(2ab7ed6c7ea6bec40b7e75a04812953f) Importer(815301076,1909f56bfc062723c751e8b465ee728b)
Start importing Assets/Prefab/Pipe.prefab using Guid(2ab7ed6c7ea6bec40b7e75a04812953f) Importer(815301076,1909f56bfc062723c751e8b465ee728b)  -> (artifact id: '8f1730f794a46466ca7f097ccb62d441') in 0.344797 seconds 
========================================================================
Received Import Request.
  Time since last request: 111.081926 seconds.
  path: Assets/Script/MovementPipes.cs
  artifactKey: Guid(0efbfb2815a5cfc45a2b81a5c4fd31c3) Importer(815301076,1909f56bfc062723c751e8b465ee728b)
Start importing Assets/Script/MovementPipes.cs using Guid(0efbfb2815a5cfc45a2b81a5c4fd31c3) Importer(815301076,1909f56bfc062723c751e8b465ee728b)  -> (artifact id: '7e6e6ff41c96ad19cad5b852044b3b67') in 0.116381 seconds 
========================================================================
Received Import Request.
  Time since last request: 146.196071 seconds.
  path: Assets/Script/MovementPipes.cs
  artifactKey: Guid(0efbfb2815a5cfc45a2b81a5c4fd31c3) Importer(815301076,1909f56bfc062723c751e8b465ee728b)
Start importing Assets/Script/MovementPipes.cs using Guid(0efbfb2815a5cfc45a2b81a5c4fd31c3) Importer(815301076,1909f56bfc062723c751e8b465ee728b)  -> (artifact id: 'd2db3b65f02a401ab95ade572bb1f056') in 0.022605 seconds 
========================================================================
Received Prepare
Registering precompiled user dll's ...
Registered in 0.012392 seconds.
Begin MonoManager ReloadAssembly
Symbol file LoadedFromMemory doesn't match image C:\progekt\Flappy Bird\Library\PackageCache\com.unity.visualscripting@1.6.1\Editor\VisualScripting.Core\Dependencies\YamlDotNet\Unity.VisualScripting.YamlDotNet.dll
Symbol file LoadedFromMemory doesn't match image C:\progekt\Flappy Bird\Library\PackageCache\com.unity.visualscripting@1.6.1\Editor\VisualScripting.Core\Dependencies\DotNetZip\Unity.VisualScripting.IonicZip.dll
Native extension for WindowsStandalone target not found
Refreshing native plugins compatible for Editor in 6.49 ms, found 2 plugins.
Preloading 0 native plugins for Editor in 0.00 ms.
Mono: successfully reloaded assembly
- Completed reload, in  5.722 seconds
Platform modules already initialized, skipping
Refreshing native plugins compatible for Editor in 3.54 ms, found 2 plugins.
Preloading 0 native plugins for Editor in 0.00 ms.
Unloading 3368 Unused Serialized files (Serialized files now loaded: 0)
System memory in use before: 131.6 MB.
System memory in use after: 131.7 MB.

Unloading 16 unused Assets to reduce memory usage. Loaded Objects now: 3837.
Total: 13.386700 ms (FindLiveObjects: 2.489000 ms CreateObjectMapping: 1.001900 ms MarkObjects: 9.544500 ms  DeleteObjects: 0.334800 ms)

========================================================================
Received Prepare
Registering precompiled user dll's ...
Registered in 0.009429 seconds.
Begin MonoManager ReloadAssembly
Symbol file LoadedFromMemory doesn't match image C:\progekt\Flappy Bird\Library\PackageCache\com.unity.visualscripting@1.6.1\Editor\VisualScripting.Core\Dependencies\YamlDotNet\Unity.VisualScripting.YamlDotNet.dll
Symbol file LoadedFromMemory doesn't match image C:\progekt\Flappy Bird\Library\PackageCache\com.unity.visualscripting@1.6.1\Editor\VisualScripting.Core\Dependencies\DotNetZip\Unity.VisualScripting.IonicZip.dll
Native extension for WindowsStandalone target not found
Refreshing native plugins compatible for Editor in 2.52 ms, found 2 plugins.
Preloading 0 native plugins for Editor in 0.00 ms.
Mono: successfully reloaded assembly
- Completed reload, in  4.523 seconds
Platform modules already initialized, skipping
Refreshing native plugins compatible for Editor in 2.81 ms, found 2 plugins.
Preloading 0 native plugins for Editor in 0.00 ms.
Unloading 3368 Unused Serialized files (Serialized files now loaded: 0)
System memory in use before: 131.6 MB.
System memory in use after: 131.7 MB.

Unloading 16 unused Assets to reduce memory usage. Loaded Objects now: 3841.
Total: 11.314300 ms (FindLiveObjects: 2.082200 ms CreateObjectMapping: 1.176600 ms MarkObjects: 7.665000 ms  DeleteObjects: 0.385100 ms)

========================================================================
Received Prepare
Registering precompiled user dll's ...
Registered in 0.012217 seconds.
Begin MonoManager ReloadAssembly
Symbol file LoadedFromMemory doesn't match image C:\progekt\Flappy Bird\Library\PackageCache\com.unity.visualscripting@1.6.1\Editor\VisualScripting.Core\Dependencies\YamlDotNet\Unity.VisualScripting.YamlDotNet.dll
Symbol file LoadedFromMemory doesn't match image C:\progekt\Flappy Bird\Library\PackageCache\com.unity.visualscripting@1.6.1\Editor\VisualScripting.Core\Dependencies\DotNetZip\Unity.VisualScripting.IonicZip.dll
Native extension for WindowsStandalone target not found
Refreshing native plugins compatible for Editor in 2.08 ms, found 2 plugins.
Preloading 0 native plugins for Editor in 0.00 ms.
Mono: successfully reloaded assembly
- Completed reload, in  6.477 seconds
Platform modules already initialized, skipping
Refreshing native plugins compatible for Editor in 2.70 ms, found 2 plugins.
Preloading 0 native plugins for Editor in 0.00 ms.
Unloading 3368 Unused Serialized files (Serialized files now loaded: 0)
System memory in use before: 131.7 MB.
System memory in use after: 131.8 MB.

Unloading 16 unused Assets to reduce memory usage. Loaded Objects now: 3845.
Total: 11.512500 ms (FindLiveObjects: 2.168900 ms CreateObjectMapping: 1.042000 ms MarkObjects: 7.918100 ms  DeleteObjects: 0.377300 ms)

AssetImportWorkerClient::OnTransportError - code=2 error=End of file
